Start testing: Aug 14 09:20 Mitteleuropäische Sommerzeit
----------------------------------------------------------
1/27 Testing: test_crc
1/27 Test: test_crc
Command: "C:/ai/LiNeP/build/tests/test_crc.exe"
Directory: C:/ai/LiNeP/build/tests
"test_crc" start time: Aug 14 09:20 Mitteleuropäische Sommerzeit
Output:
----------------------------------------------------------
[PASS] test_crc
<end of output>
Test time =   0.01 sec
----------------------------------------------------------
Test Passed.
"test_crc" end time: Aug 14 09:20 Mitteleuropäische Sommerzeit
"test_crc" time elapsed: 00:00:00
----------------------------------------------------------

2/27 Testing: test_heartbeat_compact
2/27 Test: test_heartbeat_compact
Command: "C:/ai/LiNeP/build/tests/test_heartbeat_compact.exe"
Directory: C:/ai/LiNeP/build/tests
"test_heartbeat_compact" start time: Aug 14 09:20 Mitteleuropäische Sommerzeit
Output:
----------------------------------------------------------
[PASS] test_heartbeat_compact
<end of output>
Test time =   0.01 sec
----------------------------------------------------------
Test Passed.
"test_heartbeat_compact" end time: Aug 14 09:20 Mitteleuropäische Sommerzeit
"test_heartbeat_compact" time elapsed: 00:00:00
----------------------------------------------------------

3/27 Testing: test_register_frame
3/27 Test: test_register_frame
Command: "C:/ai/LiNeP/build/tests/test_register_frame.exe"
Directory: C:/ai/LiNeP/build/tests
"test_register_frame" start time: Aug 14 09:20 Mitteleuropäische Sommerzeit
Output:
----------------------------------------------------------
[PASS] test_register_frame
<end of output>
Test time =   0.01 sec
----------------------------------------------------------
Test Passed.
"test_register_frame" end time: Aug 14 09:20 Mitteleuropäische Sommerzeit
"test_register_frame" time elapsed: 00:00:00
----------------------------------------------------------

4/27 Testing: test_task_send_receive
4/27 Test: test_task_send_receive
Command: "C:/ai/LiNeP/build/tests/test_task_send_receive.exe"
Directory: C:/ai/LiNeP/build/tests
"test_task_send_receive" start time: Aug 14 09:20 Mitteleuropäische Sommerzeit
Output:
----------------------------------------------------------
[PASS] test_task_send_receive
<end of output>
Test time =   0.05 sec
----------------------------------------------------------
Test Passed.
"test_task_send_receive" end time: Aug 14 09:20 Mitteleuropäische Sommerzeit
"test_task_send_receive" time elapsed: 00:00:00
----------------------------------------------------------

5/27 Testing: test_result_parsing
5/27 Test: test_result_parsing
Command: "C:/ai/LiNeP/build/tests/test_result_parsing.exe"
Directory: C:/ai/LiNeP/build/tests
"test_result_parsing" start time: Aug 14 09:20 Mitteleuropäische Sommerzeit
Output:
----------------------------------------------------------
[PASS] test_result_parsing
<end of output>
Test time =   0.01 sec
----------------------------------------------------------
Test Passed.
"test_result_parsing" end time: Aug 14 09:20 Mitteleuropäische Sommerzeit
"test_result_parsing" time elapsed: 00:00:00
----------------------------------------------------------

6/27 Testing: test_error_frame_handling
6/27 Test: test_error_frame_handling
Command: "C:/ai/LiNeP/build/tests/test_error_frame_handling.exe"
Directory: C:/ai/LiNeP/build/tests
"test_error_frame_handling" start time: Aug 14 09:20 Mitteleuropäische Sommerzeit
Output:
----------------------------------------------------------
[PASS] test_error_frame_handling
<end of output>
Test time =   0.01 sec
----------------------------------------------------------
Test Passed.
"test_error_frame_handling" end time: Aug 14 09:20 Mitteleuropäische Sommerzeit
"test_error_frame_handling" time elapsed: 00:00:00
----------------------------------------------------------

7/27 Testing: test_crc_fail_reject
7/27 Test: test_crc_fail_reject
Command: "C:/ai/LiNeP/build/tests/test_crc_fail_reject.exe"
Directory: C:/ai/LiNeP/build/tests
"test_crc_fail_reject" start time: Aug 14 09:20 Mitteleuropäische Sommerzeit
Output:
----------------------------------------------------------
[PASS] test_crc_fail_reject
<end of output>
Test time =   0.02 sec
----------------------------------------------------------
Test Passed.
"test_crc_fail_reject" end time: Aug 14 09:20 Mitteleuropäische Sommerzeit
"test_crc_fail_reject" time elapsed: 00:00:00
----------------------------------------------------------

8/27 Testing: test_timeout_detection
8/27 Test: test_timeout_detection
Command: "C:/ai/LiNeP/build/tests/test_timeout_detection.exe"
Directory: C:/ai/LiNeP/build/tests
"test_timeout_detection" start time: Aug 14 09:20 Mitteleuropäische Sommerzeit
Output:
----------------------------------------------------------
[PASS] test_timeout_detection
<end of output>
Test time =   0.14 sec
----------------------------------------------------------
Test Passed.
"test_timeout_detection" end time: Aug 14 09:20 Mitteleuropäische Sommerzeit
"test_timeout_detection" time elapsed: 00:00:00
----------------------------------------------------------

9/27 Testing: test_slot_state_update_from_heartbeat
9/27 Test: test_slot_state_update_from_heartbeat
Command: "C:/ai/LiNeP/build/tests/test_slot_state_update_from_heartbeat.exe"
Directory: C:/ai/LiNeP/build/tests
"test_slot_state_update_from_heartbeat" start time: Aug 14 09:20 Mitteleuropäische Sommerzeit
Output:
----------------------------------------------------------
[PASS] test_slot_state_update_from_heartbeat
<end of output>
Test time =   0.53 sec
----------------------------------------------------------
Test Passed.
"test_slot_state_update_from_heartbeat" end time: Aug 14 09:21 Mitteleuropäische Sommerzeit
"test_slot_state_update_from_heartbeat" time elapsed: 00:00:00
----------------------------------------------------------

10/27 Testing: test_scheduler_selects_lowest_score
10/27 Test: test_scheduler_selects_lowest_score
Command: "C:/ai/LiNeP/build/tests/test_scheduler_selects_lowest_score.exe"
Directory: C:/ai/LiNeP/build/tests
"test_scheduler_selects_lowest_score" start time: Aug 14 09:21 Mitteleuropäische Sommerzeit
Output:
----------------------------------------------------------
[PASS] test_scheduler_selects_lowest_score
<end of output>
Test time =   0.02 sec
----------------------------------------------------------
Test Passed.
"test_scheduler_selects_lowest_score" end time: Aug 14 09:21 Mitteleuropäische Sommerzeit
"test_scheduler_selects_lowest_score" time elapsed: 00:00:00
----------------------------------------------------------

11/27 Testing: test_scheduler_ignores_not_ready
11/27 Test: test_scheduler_ignores_not_ready
Command: "C:/ai/LiNeP/build/tests/test_scheduler_ignores_not_ready.exe"
Directory: C:/ai/LiNeP/build/tests
"test_scheduler_ignores_not_ready" start time: Aug 14 09:21 Mitteleuropäische Sommerzeit
Output:
----------------------------------------------------------
[PASS] test_scheduler_ignores_not_ready
<end of output>
Test time =   0.02 sec
----------------------------------------------------------
Test Passed.
"test_scheduler_ignores_not_ready" end time: Aug 14 09:21 Mitteleuropäische Sommerzeit
"test_scheduler_ignores_not_ready" time elapsed: 00:00:00
----------------------------------------------------------

12/27 Testing: test_scheduler_ignores_error_slot
12/27 Test: test_scheduler_ignores_error_slot
Command: "C:/ai/LiNeP/build/tests/test_scheduler_ignores_error_slot.exe"
Directory: C:/ai/LiNeP/build/tests
"test_scheduler_ignores_error_slot" start time: Aug 14 09:21 Mitteleuropäische Sommerzeit
Output:
----------------------------------------------------------
[PASS] test_scheduler_ignores_error_slot
<end of output>
Test time =   0.02 sec
----------------------------------------------------------
Test Passed.
"test_scheduler_ignores_error_slot" end time: Aug 14 09:21 Mitteleuropäische Sommerzeit
"test_scheduler_ignores_error_slot" time elapsed: 00:00:00
----------------------------------------------------------

13/27 Testing: test_scheduler_ignores_stale_slot
13/27 Test: test_scheduler_ignores_stale_slot
Command: "C:/ai/LiNeP/build/tests/test_scheduler_ignores_stale_slot.exe"
Directory: C:/ai/LiNeP/build/tests
"test_scheduler_ignores_stale_slot" start time: Aug 14 09:21 Mitteleuropäische Sommerzeit
Output:
----------------------------------------------------------
[PASS] test_scheduler_ignores_stale_slot
<end of output>
Test time =   0.02 sec
----------------------------------------------------------
Test Passed.
"test_scheduler_ignores_stale_slot" end time: Aug 14 09:21 Mitteleuropäische Sommerzeit
"test_scheduler_ignores_stale_slot" time elapsed: 00:00:00
----------------------------------------------------------

14/27 Testing: test_scheduler_prefers_lower_queue
14/27 Test: test_scheduler_prefers_lower_queue
Command: "C:/ai/LiNeP/build/tests/test_scheduler_prefers_lower_queue.exe"
Directory: C:/ai/LiNeP/build/tests
"test_scheduler_prefers_lower_queue" start time: Aug 14 09:21 Mitteleuropäische Sommerzeit
Output:
----------------------------------------------------------
[PASS] test_scheduler_prefers_lower_queue
<end of output>
Test time =   0.02 sec
----------------------------------------------------------
Test Passed.
"test_scheduler_prefers_lower_queue" end time: Aug 14 09:21 Mitteleuropäische Sommerzeit
"test_scheduler_prefers_lower_queue" time elapsed: 00:00:00
----------------------------------------------------------

15/27 Testing: test_scheduler_applies_busy_penalty
15/27 Test: test_scheduler_applies_busy_penalty
Command: "C:/ai/LiNeP/build/tests/test_scheduler_applies_busy_penalty.exe"
Directory: C:/ai/LiNeP/build/tests
"test_scheduler_applies_busy_penalty" start time: Aug 14 09:21 Mitteleuropäische Sommerzeit
Output:
----------------------------------------------------------
[PASS] test_scheduler_applies_busy_penalty
<end of output>
Test time =   0.10 sec
----------------------------------------------------------
Test Passed.
"test_scheduler_applies_busy_penalty" end time: Aug 14 09:21 Mitteleuropäische Sommerzeit
"test_scheduler_applies_busy_penalty" time elapsed: 00:00:00
----------------------------------------------------------

16/27 Testing: test_scheduler_applies_degraded_penalty
16/27 Test: test_scheduler_applies_degraded_penalty
Command: "C:/ai/LiNeP/build/tests/test_scheduler_applies_degraded_penalty.exe"
Directory: C:/ai/LiNeP/build/tests
"test_scheduler_applies_degraded_penalty" start time: Aug 14 09:21 Mitteleuropäische Sommerzeit
Output:
----------------------------------------------------------
[PASS] test_scheduler_applies_degraded_penalty
<end of output>
Test time =   0.11 sec
----------------------------------------------------------
Test Passed.
"test_scheduler_applies_degraded_penalty" end time: Aug 14 09:21 Mitteleuropäische Sommerzeit
"test_scheduler_applies_degraded_penalty" time elapsed: 00:00:00
----------------------------------------------------------

17/27 Testing: test_scheduler_cooldown_after_timeout
17/27 Test: test_scheduler_cooldown_after_timeout
Command: "C:/ai/LiNeP/build/tests/test_scheduler_cooldown_after_timeout.exe"
Directory: C:/ai/LiNeP/build/tests
"test_scheduler_cooldown_after_timeout" start time: Aug 14 09:21 Mitteleuropäische Sommerzeit
Output:
----------------------------------------------------------
[PASS] test_scheduler_cooldown_after_timeout
<end of output>
Test time =   0.02 sec
----------------------------------------------------------
Test Passed.
"test_scheduler_cooldown_after_timeout" end time: Aug 14 09:21 Mitteleuropäische Sommerzeit
"test_scheduler_cooldown_after_timeout" time elapsed: 00:00:00
----------------------------------------------------------

18/27 Testing: test_scheduler_retries_on_second_worker
18/27 Test: test_scheduler_retries_on_second_worker
Command: "C:/ai/LiNeP/build/tests/test_scheduler_retries_on_second_worker.exe"
Directory: C:/ai/LiNeP/build/tests
"test_scheduler_retries_on_second_worker" start time: Aug 14 09:21 Mitteleuropäische Sommerzeit
Output:
----------------------------------------------------------
[PASS] test_scheduler_retries_on_second_worker
<end of output>
Test time =   0.02 sec
----------------------------------------------------------
Test Passed.
"test_scheduler_retries_on_second_worker" end time: Aug 14 09:21 Mitteleuropäische Sommerzeit
"test_scheduler_retries_on_second_worker" time elapsed: 00:00:00
----------------------------------------------------------

19/27 Testing: test_scheduler_rejects_when_no_slot_available
19/27 Test: test_scheduler_rejects_when_no_slot_available
Command: "C:/ai/LiNeP/build/tests/test_scheduler_rejects_when_no_slot_available.exe"
Directory: C:/ai/LiNeP/build/tests
"test_scheduler_rejects_when_no_slot_available" start time: Aug 14 09:21 Mitteleuropäische Sommerzeit
Output:
----------------------------------------------------------
[PASS] test_scheduler_rejects_when_no_slot_available
<end of output>
Test time =   0.03 sec
----------------------------------------------------------
Test Passed.
"test_scheduler_rejects_when_no_slot_available" end time: Aug 14 09:21 Mitteleuropäische Sommerzeit
"test_scheduler_rejects_when_no_slot_available" time elapsed: 00:00:00
----------------------------------------------------------

20/27 Testing: test_scheduler_backpressure_queue_full
20/27 Test: test_scheduler_backpressure_queue_full
Command: "C:/ai/LiNeP/build/tests/test_scheduler_backpressure_queue_full.exe"
Directory: C:/ai/LiNeP/build/tests
"test_scheduler_backpressure_queue_full" start time: Aug 14 09:21 Mitteleuropäische Sommerzeit
Output:
----------------------------------------------------------
[scheduler] pending_queue_full cap=256 backpressure=1
[scheduler] pending_queue_full cap=256 backpressure=1
[scheduler] pending_queue_full cap=256 backpressure=1
[scheduler] pending_queue_full cap=256 backpressure=1
[scheduler] pending_queue_full cap=256 backpressure=1
[scheduler] pending_queue_full cap=256 backpressure=1
[scheduler] pending_queue_full cap=256 backpressure=1
[scheduler] pending_queue_full cap=256 backpressure=1
[scheduler] pending_queue_full cap=256 backpressure=1
[scheduler] pending_queue_full cap=256 backpressure=1
[scheduler] pending_queue_full cap=256 backpressure=1
[scheduler] pending_queue_full cap=256 backpressure=1
[scheduler] pending_queue_full cap=256 backpressure=1
[scheduler] pending_queue_full cap=256 backpressure=1
[scheduler] pending_queue_full cap=256 backpressure=1
[scheduler] pending_queue_full cap=256 backpressure=1
[scheduler] pending_queue_full cap=256 backpressure=1
[scheduler] pending_queue_full cap=256 backpressure=1
[scheduler] pending_queue_full cap=256 backpressure=1
[scheduler] pending_queue_full cap=256 backpressure=1
[scheduler] pending_queue_full cap=256 backpressure=1
[scheduler] pending_queue_full cap=256 backpressure=1
[scheduler] pending_queue_full cap=256 backpressure=1
[scheduler] pending_queue_full cap=256 backpressure=1
[scheduler] pending_queue_full cap=256 backpressure=1
[scheduler] pending_queue_full cap=256 backpressure=1
[scheduler] pending_queue_full cap=256 backpressure=1
[scheduler] pending_queue_full cap=256 backpressure=1
[scheduler] pending_queue_full cap=256 backpressure=1
[scheduler] pending_queue_full cap=256 backpressure=1
[scheduler] pending_queue_full cap=256 backpressure=1
[scheduler] pending_queue_full cap=256 backpressure=1
[PASS] test_scheduler_backpressure_queue_full
<end of output>
Test time =   0.02 sec
----------------------------------------------------------
Test Passed.
"test_scheduler_backpressure_queue_full" end time: Aug 14 09:21 Mitteleuropäische Sommerzeit
"test_scheduler_backpressure_queue_full" time elapsed: 00:00:00
----------------------------------------------------------

21/27 Testing: test_scheduler_selects_best_slots_with_diversity
21/27 Test: test_scheduler_selects_best_slots_with_diversity
Command: "C:/ai/LiNeP/build/tests/test_scheduler_selects_best_slots_with_diversity.exe"
Directory: C:/ai/LiNeP/build/tests
"test_scheduler_selects_best_slots_with_diversity" start time: Aug 14 09:21 Mitteleuropäische Sommerzeit
Output:
----------------------------------------------------------
[PASS] test_scheduler_selects_best_slots_with_diversity
<end of output>
Test time =   0.02 sec
----------------------------------------------------------
Test Passed.
"test_scheduler_selects_best_slots_with_diversity" end time: Aug 14 09:21 Mitteleuropäische Sommerzeit
"test_scheduler_selects_best_slots_with_diversity" time elapsed: 00:00:00
----------------------------------------------------------

22/27 Testing: test_scheduler_selects_best_slots_fallback
22/27 Test: test_scheduler_selects_best_slots_fallback
Command: "C:/ai/LiNeP/build/tests/test_scheduler_selects_best_slots_fallback.exe"
Directory: C:/ai/LiNeP/build/tests
"test_scheduler_selects_best_slots_fallback" start time: Aug 14 09:21 Mitteleuropäische Sommerzeit
Output:
----------------------------------------------------------
[PASS] test_scheduler_selects_best_slots_fallback
<end of output>
Test time =   0.02 sec
----------------------------------------------------------
Test Passed.
"test_scheduler_selects_best_slots_fallback" end time: Aug 14 09:21 Mitteleuropäische Sommerzeit
"test_scheduler_selects_best_slots_fallback" time elapsed: 00:00:00
----------------------------------------------------------

23/27 Testing: test_header_reject_bad_fields
23/27 Test: test_header_reject_bad_fields
Command: "C:/ai/LiNeP/build/tests/test_header_reject_bad_fields.exe"
Directory: C:/ai/LiNeP/build/tests
"test_header_reject_bad_fields" start time: Aug 14 09:21 Mitteleuropäische Sommerzeit
Output:
----------------------------------------------------------
[PASS] test_header_reject_bad_fields
<end of output>
Test time =   0.02 sec
----------------------------------------------------------
Test Passed.
"test_header_reject_bad_fields" end time: Aug 14 09:21 Mitteleuropäische Sommerzeit
"test_header_reject_bad_fields" time elapsed: 00:00:00
----------------------------------------------------------

24/27 Testing: test_scheduler_state_machine
24/27 Test: test_scheduler_state_machine
Command: "C:/ai/LiNeP/build/tests/test_scheduler_state_machine.exe"
Directory: C:/ai/LiNeP/build/tests
"test_scheduler_state_machine" start time: Aug 14 09:21 Mitteleuropäische Sommerzeit
Output:
----------------------------------------------------------
[PASS] scheduler state machine SEEN -> INVITED -> ACTIVE
<end of output>
Test time =   0.02 sec
----------------------------------------------------------
Test Passed.
"test_scheduler_state_machine" end time: Aug 14 09:21 Mitteleuropäische Sommerzeit
"test_scheduler_state_machine" time elapsed: 00:00:00
----------------------------------------------------------

25/27 Testing: test_udp_control_frames
25/27 Test: test_udp_control_frames
Command: "C:/ai/LiNeP/build/tests/test_udp_control_frames.exe"
Directory: C:/ai/LiNeP/build/tests
"test_udp_control_frames" start time: Aug 14 09:21 Mitteleuropäische Sommerzeit
Output:
----------------------------------------------------------
[PASS] test_udp_control_frames
<end of output>
Test time =   0.01 sec
----------------------------------------------------------
Test Passed.
"test_udp_control_frames" end time: Aug 14 09:21 Mitteleuropäische Sommerzeit
"test_udp_control_frames" time elapsed: 00:00:00
----------------------------------------------------------

26/27 Testing: test_task_streaming
26/27 Test: test_task_streaming
Command: "C:/ai/LiNeP/build/tests/test_task_streaming.exe"
Directory: C:/ai/LiNeP/build/tests
"test_task_streaming" start time: Aug 14 09:21 Mitteleuropäische Sommerzeit
Output:
----------------------------------------------------------
[PASS] test_task_streaming
<end of output>
Test time =   0.08 sec
----------------------------------------------------------
Test Passed.
"test_task_streaming" end time: Aug 14 09:21 Mitteleuropäische Sommerzeit
"test_task_streaming" time elapsed: 00:00:00
----------------------------------------------------------

27/27 Testing: test_normalized_scoring
27/27 Test: test_normalized_scoring
Command: "C:/ai/LiNeP/build/tests/test_normalized_scoring.exe"
Directory: C:/ai/LiNeP/build/tests
"test_normalized_scoring" start time: Aug 14 09:21 Mitteleuropäische Sommerzeit
Output:
----------------------------------------------------------
[PASS] test_normalized_scoring
<end of output>
Test time =   0.01 sec
----------------------------------------------------------
Test Passed.
"test_normalized_scoring" end time: Aug 14 09:21 Mitteleuropäische Sommerzeit
"test_normalized_scoring" time elapsed: 00:00:00
----------------------------------------------------------

End testing: Aug 14 09:21 Mitteleuropäische Sommerzeit
